<?xml version="1.0" encoding="UTF-8"?>
<!-- Generated by org.testng.reporters.JUnitReportReporter -->
<testsuite skipped="0" hostname="Chandrakanths-MacBook-Pro.local" name="com.qa.rest.tests.GetcallBDD" tests="1" failures="0" timestamp="05 Aug 2018 04:17:53 GMT" time="1.357" errors="0">
  <testcase name="test_api_one" time="1.357" classname="com.qa.rest.tests.GetcallBDD"/>
</testsuite> <!-- com.qa.rest.tests.GetcallBDD -->
